<?xml version="1.0" encoding="UTF-8"?>
<!-- Generated by org.testng.reporters.JUnitXMLReporter -->
<testsuite ignored="0" hostname="c668993d1966592" failures="1" tests="1" name="Surefire test" time="6.328" errors="0" timestamp="2025-06-28T13:00:17 IST">
  <testcase classname="nse.tests.NSESearchTest" name="testSearchAndProfitLoss" time="3.763">
    <failure type="java.lang.AssertionError" message="52 High value is mismatching.-|2.58 expected [2.58] but found [-]">
      <![CDATA[java.lang.AssertionError: 52 High value is mismatching.-|2.58 expected [2.58] but found [-]
at nse.tests.NSESearchTest.testSearchAndProfitLoss(NSESearchTest.java:29)
at java.base/java.util.ArrayList.forEach(ArrayList.java:1541)
... Removed 37 stack frames]]>
    </failure>
  </testcase> <!-- testSearchAndProfitLoss -->
</testsuite> <!-- Surefire test -->
